<?xml version="1.0" encoding="UTF-8"?>
<!-- Generated by org.testng.reporters.JUnitXMLReporter -->
<testsuite ignored="7" hostname="LAPTOP-DHEU5ST3" failures="3" tests="3" name="Test(failed)" time="28.806" errors="0" timestamp="2023-10-03T21:29:27 IST">
  <testcase classname="com.testingshastra.regression.AnnotationOfTestng" name="m5" time="3.027">
    <failure type="org.testng.TestException" message="
Method AnnotationOfTestng.m5()[pri:0, instance:com.testingshastra.regression.AnnotationOfTestng@35aea049] should have thrown an exception of any of types [class java.lang.InterruptedException, class java.lang.RuntimeException]">
      <![CDATA[org.testng.TestException: 
Method AnnotationOfTestng.m5()[pri:0, instance:com.testingshastra.regression.AnnotationOfTestng@35aea049] should have thrown an exception of any of types [class java.lang.InterruptedException, class java.lang.RuntimeException]
at java.base/java.util.ArrayList.forEach(ArrayList.java:1511)
... Removed 24 stack frames]]>
    </failure>
  </testcase> <!-- m5 -->
  <testcase classname="com.testingshastra.regression.AnnotationOfTestng" name="m6" time="4.017">
    <failure type="org.testng.internal.thread.ThreadTimeoutException" message="Method com.testingshastra.regression.AnnotationOfTestng.m6() didn&amp;apos;t finish within the time-out 4000">
      <![CDATA[org.testng.internal.thread.ThreadTimeoutException: Method com.testingshastra.regression.AnnotationOfTestng.m6() didn't finish within the time-out 4000
at java.base/java.util.ArrayList.forEach(ArrayList.java:1511)
... Removed 24 stack frames]]>
    </failure>
  </testcase> <!-- m6 -->
  <testcase classname="com.testingshastra.regression.SearchComponentTests" name="verifySearchResultsArePopulatingCorrectResultsMenSneakers" time="15.114">
    <failure type="java.lang.AssertionError" message="expected [true] but found [false]">
      <![CDATA[java.lang.AssertionError: expected [true] but found [false]
at com.testingshastra.regression.SearchComponentTests.verifySearchResultsArePopulatingCorrectResultsMenSneakers(SearchComponentTests.java:28)
at java.base/java.util.ArrayList.forEach(ArrayList.java:1511)
... Removed 31 stack frames]]>
    </failure>
  </testcase> <!-- verifySearchResultsArePopulatingCorrectResultsMenSneakers -->
  <testcase classname="com.testingshastra.regression.AnnotationOfTestng" name="m8" time="0.0">
    <ignored/>
  </testcase> <!-- m8 -->
  <testcase classname="com.testingshastra.regression.AnnotationOfTestng" name="m3" time="0.0">
    <ignored/>
  </testcase> <!-- m3 -->
  <testcase classname="com.testingshastra.regression.AnnotationOfTestng" name="m9" time="0.0">
    <ignored/>
  </testcase> <!-- m9 -->
  <testcase classname="com.testingshastra.regression.AnnotationOfTestng" name="m7" time="0.0">
    <ignored/>
  </testcase> <!-- m7 -->
  <testcase classname="com.testingshastra.regression.AnnotationOfTestng" name="m4" time="0.0">
    <ignored/>
  </testcase> <!-- m4 -->
  <testcase classname="com.testingshastra.regression.AnnotationOfTestng" name="m1" time="0.0">
    <ignored/>
  </testcase> <!-- m1 -->
  <testcase classname="com.testingshastra.regression.AnnotationOfTestng" name="m2" time="0.0">
    <ignored/>
  </testcase> <!-- m2 -->
</testsuite> <!-- Test(failed) -->
