<?xml version="1.0" encoding="UTF-8"?>
<!-- Generated by org.testng.reporters.JUnitXMLReporter -->
<testsuite ignored="1" hostname="LAPTOP-DHEU5ST3" failures="3" tests="13" name="Test" time="37.752" errors="0" timestamp="2023-10-04T14:05:45 IST">
  <testcase classname="com.testingshastra.regression.ATest" name="m2" time="0.018"/>
  <testcase classname="com.testingshastra.regression.BTest" name="M6" time="0.012"/>
  <testcase classname="com.testingshastra.regression.AnnotationOfTestng" name="m4" time="0.018"/>
  <testcase classname="com.testingshastra.regression.AnnotationOfTestng" name="m4" time="0.013"/>
  <testcase classname="com.testingshastra.regression.AnnotationOfTestng" name="m4" time="0.011"/>
  <testcase classname="com.testingshastra.regression.AnnotationOfTestng" name="m5" time="3.009">
    <failure type="org.testng.TestException" message="
Method AnnotationOfTestng.m5()[pri:0, instance:com.testingshastra.regression.AnnotationOfTestng@8462f31] should have thrown an exception of any of types [class java.lang.InterruptedException, class java.lang.RuntimeException]">
      <![CDATA[org.testng.TestException: 
Method AnnotationOfTestng.m5()[pri:0, instance:com.testingshastra.regression.AnnotationOfTestng@8462f31] should have thrown an exception of any of types [class java.lang.InterruptedException, class java.lang.RuntimeException]
at java.base/java.util.ArrayList.forEach(ArrayList.java:1511)
at java.base/java.util.concurrent.FutureTask.run(FutureTask.java:264)
at java.base/java.util.concurrent.ThreadPoolExecutor.runWorker(ThreadPoolExecutor.java:1136)
at java.base/java.util.concurrent.ThreadPoolExecutor$Worker.run(ThreadPoolExecutor.java:635)
at java.base/java.lang.Thread.run(Thread.java:833)
... Removed 14 stack frames]]>
    </failure>
  </testcase> <!-- m5 -->
  <testcase classname="com.testingshastra.regression.AnnotationOfTestng" name="m6" time="4.04">
    <failure type="org.testng.internal.thread.ThreadTimeoutException" message="Method com.testingshastra.regression.AnnotationOfTestng.m6() didn&amp;apos;t finish within the time-out 4000">
      <![CDATA[org.testng.internal.thread.ThreadTimeoutException: Method com.testingshastra.regression.AnnotationOfTestng.m6() didn't finish within the time-out 4000
at java.base@17.0.7/java.lang.Thread.sleep(Native Method)
at app//com.testingshastra.regression.AnnotationOfTestng.m6(AnnotationOfTestng.java:39)
at java.base@17.0.7/java.util.concurrent.FutureTask.run(FutureTask.java:264)
at java.base@17.0.7/java.util.concurrent.ThreadPoolExecutor.runWorker(ThreadPoolExecutor.java:1136)
at java.base@17.0.7/java.util.concurrent.ThreadPoolExecutor$Worker.run(ThreadPoolExecutor.java:635)
at java.base@17.0.7/java.lang.Thread.run(Thread.java:833)
... Removed 8 stack frames]]>
    </failure>
  </testcase> <!-- m6 -->
  <testcase classname="com.testingshastra.regression.AnnotationOfTestng" name="m8" time="0.005"/>
  <testcase classname="com.testingshastra.regression.AnnotationOfTestng" name="m9" time="0.022"/>
  <testcase classname="com.testingshastra.regression.AnnotationOfTestng" name="m1" time="0.025"/>
  <testcase classname="com.testingshastra.regression.SearchComponentTests" name="verifySearchResultsArePopulatingCorrectResultsMenSneakers" time="20.418">
    <failure type="java.lang.AssertionError" message="expected [true] but found [false]">
      <![CDATA[java.lang.AssertionError: expected [true] but found [false]
at com.testingshastra.regression.SearchComponentTests.verifySearchResultsArePopulatingCorrectResultsMenSneakers(SearchComponentTests.java:28)
at java.base/java.util.ArrayList.forEach(ArrayList.java:1511)
at java.base/java.util.concurrent.FutureTask.run(FutureTask.java:264)
at java.base/java.util.concurrent.ThreadPoolExecutor.runWorker(ThreadPoolExecutor.java:1136)
at java.base/java.util.concurrent.ThreadPoolExecutor$Worker.run(ThreadPoolExecutor.java:635)
at java.base/java.lang.Thread.run(Thread.java:833)
... Removed 21 stack frames]]>
    </failure>
  </testcase> <!-- verifySearchResultsArePopulatingCorrectResultsMenSneakers -->
  <testcase classname="com.testingshastra.regression.AnnotationOfTestng" name="m2" time="0.003"/>
  <testcase classname="com.testingshastra.regression.AnnotationOfTestng" name="m7" time="0.001"/>
  <testcase classname="com.testingshastra.regression.AnnotationOfTestng" name="m3" time="0.0">
    <ignored/>
  </testcase> <!-- m3 -->
</testsuite> <!-- Test -->
